Change Component Designator: Old Designator=C37 New Designator=C54
Change Component Designator: Old Designator=C38 New Designator=C55
Change Component Designator: Old Designator=C39 New Designator=C56
Change Component Designator: Old Designator=C40 New Designator=C57
Change Component Designator: Old Designator=C41 New Designator=C58
Change Component Designator: Old Designator=C42 New Designator=C59
Change Component Designator: Old Designator=C43 New Designator=C60
Change Component Designator: Old Designator=C44 New Designator=C61
Change Component Designator: Old Designator=C45 New Designator=C62
Change Component Designator: Old Designator=C46 New Designator=C63
Change Component Designator: Old Designator=C47 New Designator=C64
Change Component Designator: Old Designator=C48 New Designator=C65
Change Component Designator: Old Designator=C49 New Designator=C66
Change Component Designator: Old Designator=C50 New Designator=C67
Change Component Designator: Old Designator=C51 New Designator=C68
Change Component Designator: Old Designator=C52 New Designator=C69
Change Component Designator: Old Designator=D1 New Designator=D2
Change Component Designator: Old Designator=D2 New Designator=D3
Change Component Designator: Old Designator=P6 New Designator=P12
Change Component Designator: Old Designator=P7 New Designator=P13
Change Component Designator: Old Designator=P8 New Designator=P14
Change Component Designator: Old Designator=P9 New Designator=P15
Change Component Designator: Old Designator=P10 New Designator=P16
Change Component Designator: Old Designator=R16 New Designator=R29
Change Component Designator: Old Designator=R17 New Designator=R30
Change Component Designator: Old Designator=R18 New Designator=R31
Change Component Designator: Old Designator=R19 New Designator=R32
Change Component Designator: Old Designator=R20 New Designator=R33
Change Component Designator: Old Designator=R21 New Designator=R34
Change Component Designator: Old Designator=R22 New Designator=R35
Change Component Designator: Old Designator=R23 New Designator=R36
Change Component Designator: Old Designator=R24 New Designator=R37
Change Component Designator: Old Designator=R25 New Designator=R38
Change Component Designator: Old Designator=R26 New Designator=R39
Change Component Designator: Old Designator=R27 New Designator=R40
Change Component Designator: Old Designator=R28 New Designator=R41
Change Component Designator: Old Designator=R29 New Designator=R42
Change Component Designator: Old Designator=R30 New Designator=R44
Change Component Designator: Old Designator=R31 New Designator=R45
Change Component Designator: Old Designator=R32 New Designator=R47
Change Component Designator: Old Designator=R33 New Designator=R48
Change Component Designator: Old Designator=R34 New Designator=R49
Change Component Designator: Old Designator=R35 New Designator=R50
Change Component Designator: Old Designator=R36 New Designator=R51
Change Component Designator: Old Designator=R37 New Designator=R52
Change Component Designator: Old Designator=R38 New Designator=R53
Change Component Designator: Old Designator=R39 New Designator=R54
Change Component Designator: Old Designator=R40 New Designator=R43
Change Component Designator: Old Designator=R41 New Designator=R46
Change Component Designator: Old Designator=U7 New Designator=U9
Change Component Designator: Old Designator=U8 New Designator=U10
Change Component Designator: Old Designator=U9 New Designator=U11
Change Component Designator: Old Designator=U10 New Designator=U12
Change Component Designator: Old Designator=U11 New Designator=U13
Change Component Designator: Old Designator=U12 New Designator=U14
Change Component Designator: Old Designator=U13 New Designator=U15
